<?xml version="1.0" encoding="UTF-8"?>
<testng-results skipped="0" failed="0" ignored="0" total="1" passed="1">
  <reporter-output>
  </reporter-output>
  <suite name="Default suite" duration-ms="9011" started-at="2019-08-01T10:17:30Z" finished-at="2019-08-01T10:17:39Z">
    <groups>
    </groups>
    <test name="Default test" duration-ms="9011" started-at="2019-08-01T10:17:30Z" finished-at="2019-08-01T10:17:39Z">
      <class name="com.avinc.ReadingConsoleLog.ReadingBrowserConsoleLog">
        <test-method status="PASS" signature="setUpDriver()[pri:0, instance:com.avinc.ReadingConsoleLog.ReadingBrowserConsoleLog@d2cc05a]" name="setUpDriver" is-config="true" duration-ms="5553" started-at="2019-08-01T15:47:30Z" finished-at="2019-08-01T15:47:36Z">
          <reporter-output>
          </reporter-output>
        </test-method> <!-- setUpDriver -->
        <test-method status="PASS" signature="getTheLog()[pri:0, instance:com.avinc.ReadingConsoleLog.ReadingBrowserConsoleLog@d2cc05a]" name="getTheLog" duration-ms="2383" started-at="2019-08-01T15:47:36Z" finished-at="2019-08-01T15:47:38Z">
          <reporter-output>
          </reporter-output>
        </test-method> <!-- getTheLog -->
        <test-method status="PASS" signature="tearDown()[pri:0, instance:com.avinc.ReadingConsoleLog.ReadingBrowserConsoleLog@d2cc05a]" name="tearDown" is-config="true" duration-ms="1031" started-at="2019-08-01T15:47:38Z" finished-at="2019-08-01T15:47:39Z">
          <reporter-output>
          </reporter-output>
        </test-method> <!-- tearDown -->
      </class> <!-- com.avinc.ReadingConsoleLog.ReadingBrowserConsoleLog -->
    </test> <!-- Default test -->
  </suite> <!-- Default suite -->
</testng-results>
